<?xml version="1.0" encoding="UTF-8"?>
<!-- Generated by org.testng.reporters.JUnitReportReporter -->
<testsuite hostname="DESKTOP-DQJ0P8H" failures="0" tests="3" name="com.qa.demotestcases.DemoFirstTest" time="0.099" errors="0" timestamp="2024-12-02T13:04:51 IST" skipped="0">
  <testcase classname="com.qa.demotestcases.DemoFirstTest" name="TC2" time="0.019"/>
  <system-out/>
  <testcase classname="com.qa.demotestcases.DemoFirstTest" name="TC1" time="0.059"/>
  <system-out/>
  <testcase classname="com.qa.demotestcases.DemoFirstTest" name="TC3" time="0.021"/>
  <system-out/>
</testsuite> <!-- com.qa.demotestcases.DemoFirstTest -->
