<?xml version="1.0" encoding="UTF-8"?>
<!-- Generated by org.testng.reporters.JUnitReportReporter -->
<testsuite hostname="DESKTOP-DQJ0P8H" failures="0" tests="1" name="com.qa.demotestcases.DemoNewTest" time="0.088" errors="0" timestamp="2024-12-02T13:04:33 IST" skipped="0">
  <testcase classname="com.qa.demotestcases.DemoNewTest" name="NewTest" time="0.088"/>
  <system-out/>
</testsuite> <!-- com.qa.demotestcases.DemoNewTest -->
